[    1606ms] [WARNING] Mixed Content: The page at 'https://www.google.com/search?q=draw&oq=draw&gs_lcrp=EgZjaHJvbWUyBggAEEUYOTIKCAEQABixAxiABDINCAIQABiDARixAxiABDINCAMQABiDARixAxiABDIHCAQQABiABDIKCAUQABixAxiABDIKCAYQABixAxiABDIKCAcQABixAxiABDIKCAgQABixAxiABDIQCAkQLhivARjHARiABBiOBdIBBzU2NGowajeoAgCwAgA&sourceid=chrome&ie=UTF-8&sei=yifGademOLCcptQP8tzHmAY' was loaded over HTTPS, but requested an insecure element 'http://img.youtube.com/vi/8zMowckwKK4/hqdefault.jpg'. This request was automatically upgraded to HTTPS, For more information see https://blog.chromium.org/2019/10/no-more-mixed-messages-about-https.html @ https://www.google.com/search?q=draw&oq=draw&gs_lcrp=EgZjaHJvbWUyBggAEEUYOTIKCAEQABixAxiABDINCAIQABiDARixAxiABDINCAMQABiDARixAxiABDIHCAQQABiABDIKCAUQABixAxiABDIKCAYQABixAxiABDIKCAcQABixAxiABDIKCAgQABixAxiABDIQCAkQLhivARjHARiABBiOBdIBBzU2NGowajeoAgCwAgA&sourceid=chrome&ie=UTF-8&sei=yifGademOLCcptQP8tzHmAY:0
[    1606ms] [WARNING] Mixed Content: The page at 'https://www.google.com/search?q=draw&oq=draw&gs_lcrp=EgZjaHJvbWUyBggAEEUYOTIKCAEQABixAxiABDINCAIQABiDARixAxiABDINCAMQABiDARixAxiABDIHCAQQABiABDIKCAUQABixAxiABDIKCAYQABixAxiABDIKCAcQABixAxiABDIKCAgQABixAxiABDIQCAkQLhivARjHARiABBiOBdIBBzU2NGowajeoAgCwAgA&sourceid=chrome&ie=UTF-8&sei=yifGademOLCcptQP8tzHmAY' was loaded over HTTPS, but requested an insecure element 'http://img.youtube.com/vi/MyqGhrGhp0o/hqdefault.jpg'. This request was automatically upgraded to HTTPS, For more information see https://blog.chromium.org/2019/10/no-more-mixed-messages-about-https.html @ https://www.google.com/search?q=draw&oq=draw&gs_lcrp=EgZjaHJvbWUyBggAEEUYOTIKCAEQABixAxiABDINCAIQABiDARixAxiABDINCAMQABiDARixAxiABDIHCAQQABiABDIKCAUQABixAxiABDIKCAYQABixAxiABDIKCAcQABixAxiABDIKCAgQABixAxiABDIQCAkQLhivARjHARiABBiOBdIBBzU2NGowajeoAgCwAgA&sourceid=chrome&ie=UTF-8&sei=yifGademOLCcptQP8tzHmAY:0
[    1606ms] [WARNING] Mixed Content: The page at 'https://www.google.com/search?q=draw&oq=draw&gs_lcrp=EgZjaHJvbWUyBggAEEUYOTIKCAEQABixAxiABDINCAIQABiDARixAxiABDINCAMQABiDARixAxiABDIHCAQQABiABDIKCAUQABixAxiABDIKCAYQABixAxiABDIKCAcQABixAxiABDIKCAgQABixAxiABDIQCAkQLhivARjHARiABBiOBdIBBzU2NGowajeoAgCwAgA&sourceid=chrome&ie=UTF-8&sei=yifGademOLCcptQP8tzHmAY' was loaded over HTTPS, but requested an insecure element 'http://img.youtube.com/vi/6TJL57aEsog/hqdefault.jpg'. This request was automatically upgraded to HTTPS, For more information see https://blog.chromium.org/2019/10/no-more-mixed-messages-about-https.html @ https://www.google.com/search?q=draw&oq=draw&gs_lcrp=EgZjaHJvbWUyBggAEEUYOTIKCAEQABixAxiABDINCAIQABiDARixAxiABDINCAMQABiDARixAxiABDIHCAQQABiABDIKCAUQABixAxiABDIKCAYQABixAxiABDIKCAcQABixAxiABDIKCAgQABixAxiABDIQCAkQLhivARjHARiABBiOBdIBBzU2NGowajeoAgCwAgA&sourceid=chrome&ie=UTF-8&sei=yifGademOLCcptQP8tzHmAY:0
[    1606ms] [WARNING] Mixed Content: The page at 'https://www.google.com/search?q=draw&oq=draw&gs_lcrp=EgZjaHJvbWUyBggAEEUYOTIKCAEQABixAxiABDINCAIQABiDARixAxiABDINCAMQABiDARixAxiABDIHCAQQABiABDIKCAUQABixAxiABDIKCAYQABixAxiABDIKCAcQABixAxiABDIKCAgQABixAxiABDIQCAkQLhivARjHARiABBiOBdIBBzU2NGowajeoAgCwAgA&sourceid=chrome&ie=UTF-8&sei=yifGademOLCcptQP8tzHmAY' was loaded over HTTPS, but requested an insecure element 'http://img.youtube.com/vi/PxQKnrZ-uSc/hqdefault.jpg'. This request was automatically upgraded to HTTPS, For more information see https://blog.chromium.org/2019/10/no-more-mixed-messages-about-https.html @ https://www.google.com/search?q=draw&oq=draw&gs_lcrp=EgZjaHJvbWUyBggAEEUYOTIKCAEQABixAxiABDINCAIQABiDARixAxiABDINCAMQABiDARixAxiABDIHCAQQABiABDIKCAUQABixAxiABDIKCAYQABixAxiABDIKCAcQABixAxiABDIKCAgQABixAxiABDIQCAkQLhivARjHARiABBiOBdIBBzU2NGowajeoAgCwAgA&sourceid=chrome&ie=UTF-8&sei=yifGademOLCcptQP8tzHmAY:0
[    1606ms] [WARNING] Mixed Content: The page at 'https://www.google.com/search?q=draw&oq=draw&gs_lcrp=EgZjaHJvbWUyBggAEEUYOTIKCAEQABixAxiABDINCAIQABiDARixAxiABDINCAMQABiDARixAxiABDIHCAQQABiABDIKCAUQABixAxiABDIKCAYQABixAxiABDIKCAcQABixAxiABDIKCAgQABixAxiABDIQCAkQLhivARjHARiABBiOBdIBBzU2NGowajeoAgCwAgA&sourceid=chrome&ie=UTF-8&sei=yifGademOLCcptQP8tzHmAY' was loaded over HTTPS, but requested an insecure element 'http://img.youtube.com/vi/w-hzkrcD98U/hqdefault.jpg'. This request was automatically upgraded to HTTPS, For more information see https://blog.chromium.org/2019/10/no-more-mixed-messages-about-https.html @ https://www.google.com/search?q=draw&oq=draw&gs_lcrp=EgZjaHJvbWUyBggAEEUYOTIKCAEQABixAxiABDINCAIQABiDARixAxiABDINCAMQABiDARixAxiABDIHCAQQABiABDIKCAUQABixAxiABDIKCAYQABixAxiABDIKCAcQABixAxiABDIKCAgQABixAxiABDIQCAkQLhivARjHARiABBiOBdIBBzU2NGowajeoAgCwAgA&sourceid=chrome&ie=UTF-8&sei=yifGademOLCcptQP8tzHmAY:0
[    1606ms] [WARNING] Mixed Content: The page at 'https://www.google.com/search?q=draw&oq=draw&gs_lcrp=EgZjaHJvbWUyBggAEEUYOTIKCAEQABixAxiABDINCAIQABiDARixAxiABDINCAMQABiDARixAxiABDIHCAQQABiABDIKCAUQABixAxiABDIKCAYQABixAxiABDIKCAcQABixAxiABDIKCAgQABixAxiABDIQCAkQLhivARjHARiABBiOBdIBBzU2NGowajeoAgCwAgA&sourceid=chrome&ie=UTF-8&sei=yifGademOLCcptQP8tzHmAY' was loaded over HTTPS, but requested an insecure element 'http://img.youtube.com/vi/qGFxsTh9k9g/hqdefault.jpg'. This request was automatically upgraded to HTTPS, For more information see https://blog.chromium.org/2019/10/no-more-mixed-messages-about-https.html @ https://www.google.com/search?q=draw&oq=draw&gs_lcrp=EgZjaHJvbWUyBggAEEUYOTIKCAEQABixAxiABDINCAIQABiDARixAxiABDINCAMQABiDARixAxiABDIHCAQQABiABDIKCAUQABixAxiABDIKCAYQABixAxiABDIKCAcQABixAxiABDIKCAgQABixAxiABDIQCAkQLhivARjHARiABBiOBdIBBzU2NGowajeoAgCwAgA&sourceid=chrome&ie=UTF-8&sei=yifGademOLCcptQP8tzHmAY:0
[    1606ms] [WARNING] Mixed Content: The page at 'https://www.google.com/search?q=draw&oq=draw&gs_lcrp=EgZjaHJvbWUyBggAEEUYOTIKCAEQABixAxiABDINCAIQABiDARixAxiABDINCAMQABiDARixAxiABDIHCAQQABiABDIKCAUQABixAxiABDIKCAYQABixAxiABDIKCAcQABixAxiABDIKCAgQABixAxiABDIQCAkQLhivARjHARiABBiOBdIBBzU2NGowajeoAgCwAgA&sourceid=chrome&ie=UTF-8&sei=yifGademOLCcptQP8tzHmAY' was loaded over HTTPS, but requested an insecure element 'http://img.youtube.com/vi/g80PMpde64U/hqdefault.jpg'. This request was automatically upgraded to HTTPS, For more information see https://blog.chromium.org/2019/10/no-more-mixed-messages-about-https.html @ https://www.google.com/search?q=draw&oq=draw&gs_lcrp=EgZjaHJvbWUyBggAEEUYOTIKCAEQABixAxiABDINCAIQABiDARixAxiABDINCAMQABiDARixAxiABDIHCAQQABiABDIKCAUQABixAxiABDIKCAYQABixAxiABDIKCAcQABixAxiABDIKCAgQABixAxiABDIQCAkQLhivARjHARiABBiOBdIBBzU2NGowajeoAgCwAgA&sourceid=chrome&ie=UTF-8&sei=yifGademOLCcptQP8tzHmAY:0
[    1606ms] [WARNING] Mixed Content: The page at 'https://www.google.com/search?q=draw&oq=draw&gs_lcrp=EgZjaHJvbWUyBggAEEUYOTIKCAEQABixAxiABDINCAIQABiDARixAxiABDINCAMQABiDARixAxiABDIHCAQQABiABDIKCAUQABixAxiABDIKCAYQABixAxiABDIKCAcQABixAxiABDIKCAgQABixAxiABDIQCAkQLhivARjHARiABBiOBdIBBzU2NGowajeoAgCwAgA&sourceid=chrome&ie=UTF-8&sei=yifGademOLCcptQP8tzHmAY' was loaded over HTTPS, but requested an insecure element 'http://img.youtube.com/vi/mu4zIljmCCQ/hqdefault.jpg'. This request was automatically upgraded to HTTPS, For more information see https://blog.chromium.org/2019/10/no-more-mixed-messages-about-https.html @ https://www.google.com/search?q=draw&oq=draw&gs_lcrp=EgZjaHJvbWUyBggAEEUYOTIKCAEQABixAxiABDINCAIQABiDARixAxiABDINCAMQABiDARixAxiABDIHCAQQABiABDIKCAUQABixAxiABDIKCAYQABixAxiABDIKCAcQABixAxiABDIKCAgQABixAxiABDIQCAkQLhivARjHARiABBiOBdIBBzU2NGowajeoAgCwAgA&sourceid=chrome&ie=UTF-8&sei=yifGademOLCcptQP8tzHmAY:0
[    2985ms] [WARNING] Error: Document not found: c99008a4-96d3-4bcf-a7f1-bb04d05a0c9a.sketchpad
    at HNM.HNm (<anonymous>:604:624075)
    at HNM.<anonymous> (<anonymous>:604:623933)
    at r (<anonymous>:174:75510)
    at i._settlePromiseFromHandler (<anonymous>:174:48648)
    at i._settlePromise (<anonymous>:174:49448)
    at i._settlePromise0 (<anonymous>:174:50147)
    at i._settlePromises (<anonymous>:174:51500)
    at c (<anonymous>:174:2875)
    at a (<anonymous>:174:2814)
    at r._drainQueues (<anonymous>:174:3833)
    at drainQueues (<anonymous>:174:2556)
From previous event:
    at i.d [as _captureStackTrace] (<anonymous>:174:11114)
    at i._resolveFromExecutor (<anonymous>:174:48186)
    at new i (<anonymous>:174:39965)
    at global.<computed> (<anonymous>:20:181170)
    at set (<anonymous>:604:820004)
    at <anonymous>:20:181151
    at <anonymous>:20:181789
    at insertFiles (https://sketch.io/min/app-loader.min.js?2022.10.24.12:25:22216)
    at https://sketch.io/min/app-loader.min.js?2022.10.24.12:25:21889 @ :603
[   12639ms] [WARNING] %cUnhandled rejection waitFor(...) timed out. color: red @ :173
